[01m[K/home/lattinone/catkin_ws/simple_planner_ws/src/map/src/map_node.cpp:11:2:[m[K [01;31m[Kerror: [m[Kexpected â€˜[01m[K;[m[Kâ€™ after class definition
   11 | }
      |  [01;31m[K^[m[K
      |  [32m[K;[m[K
[01m[K/home/lattinone/catkin_ws/simple_planner_ws/src/map/src/map_node.cpp:[m[K In constructor â€˜[01m[KMap::Map(ros::NodeHandle&)[m[Kâ€™:
[01m[K/home/lattinone/catkin_ws/simple_planner_ws/src/map/src/map_node.cpp:9:18:[m[K [01;31m[Kerror: [m[Krequest for member â€˜[01m[Kn[m[Kâ€™ in â€˜[01m[K(Map*)this[m[Kâ€™, which is of pointer type â€˜[01m[KMap*[m[Kâ€™ (maybe you meant to use â€˜[01m[K->[m[Kâ€™ ?)
    9 |             this.[01;31m[Kn[m[K = n;
      |                  [01;31m[K^[m[K
make[2]: *** [CMakeFiles/map_node.dir/build.make:63: CMakeFiles/map_node.dir/src/map_node.cpp.o] Error 1
make[1]: *** [CMakeFiles/Makefile2:800: CMakeFiles/map_node.dir/all] Error 2
make: *** [Makefile:141: all] Error 2
