[35m[1mScanning dependencies of target simple_planner_node[0m
[ 50%] [32mBuilding CXX object CMakeFiles/simple_planner_node.dir/src/simple_planner_node.cpp.o[0m
[01m[K/home/lattinone/catkin_ws/simple_planner_ws/src/simple_planner/src/simple_planner_node.cpp:[m[K In function â€˜[01m[Kint main(int, char**)[m[Kâ€™:
[01m[K/home/lattinone/catkin_ws/simple_planner_ws/src/simple_planner/src/simple_planner_node.cpp:7:49:[m[K [01;31m[Kerror: [m[Kexpected â€˜[01m[K;[m[Kâ€™ before â€˜[01m[K}[m[Kâ€™ token
    7 |     ros::init(argc, argv, "simple_planner_node")
      |                                                 [01;31m[K^[m[K
      |                                                 [32m[K;[m[K
    8 | [32m[K}[m[K
      | [32m[K~[m[K                                                
make[2]: *** [CMakeFiles/simple_planner_node.dir/build.make:63: CMakeFiles/simple_planner_node.dir/src/simple_planner_node.cpp.o] Error 1
make[1]: *** [CMakeFiles/Makefile2:165: CMakeFiles/simple_planner_node.dir/all] Error 2
make: *** [Makefile:141: all] Error 2
