[01m[K/home/lattinone/catkin_ws/simple_planner_ws/src/simple_planner/src/main_node.cpp:[m[K In function â€˜[01m[Kint main()[m[Kâ€™:
[01m[K/home/lattinone/catkin_ws/simple_planner_ws/src/simple_planner/src/main_node.cpp:44:72:[m[K [01;31m[Kerror: [m[Kexpected â€˜[01m[K)[m[Kâ€™ before â€˜[01m[K;[m[Kâ€™ token
   44 |     cv::putText[34m[K([m[Kcanvas, "Press 'q' to quit", cv::Point(10, height + 20)[01;31m[K;[m[K, cv::FONT_HERSHEY_SIMPLEX, 0.5, cv::Scalar(255, 255, 255), 1);
      |                [34m[K~[m[K                                                       [01;31m[K^[m[K
      |                                                                        [32m[K)[m[K
[01m[K/home/lattinone/catkin_ws/simple_planner_ws/src/simple_planner/src/main_node.cpp:44:73:[m[K [01;31m[Kerror: [m[Kexpected primary-expression before â€˜[01m[K,[m[Kâ€™ token
   44 |     cv::putText(canvas, "Press 'q' to quit", cv::Point(10, height + 20);[01;31m[K,[m[K cv::FONT_HERSHEY_SIMPLEX, 0.5, cv::Scalar(255, 255, 255), 1);
      |                                                                         [01;31m[K^[m[K
[01m[K/home/lattinone/catkin_ws/simple_planner_ws/src/simple_planner/src/main_node.cpp:[m[K In function â€˜[01m[Kint main()[m[Kâ€™:
[01m[K/home/lattinone/catkin_ws/simple_planner_ws/src/simple_planner/src/main_node.cpp:44:72:[m[K [01;31m[Kerror: [m[Kexpected â€˜[01m[K)[m[Kâ€™ before â€˜[01m[K;[m[Kâ€™ token
   44 |     cv::putText[34m[K([m[Kcanvas, "Press 'q' to quit", cv::Point(10, height + 20)[01;31m[K;[m[K, cv::FONT_HERSHEY_SIMPLEX, 0.5, cv::Scalar(255, 255, 255), 1);
      |                [34m[K~[m[K                                                       [01;31m[K^[m[K
      |                                                                        [32m[K)[m[K
[01m[K/home/lattinone/catkin_ws/simple_planner_ws/src/simple_planner/src/main_node.cpp:44:73:[m[K [01;31m[Kerror: [m[Kexpected primary-expression before â€˜[01m[K,[m[Kâ€™ token
   44 |     cv::putText(canvas, "Press 'q' to quit", cv::Point(10, height + 20);[01;31m[K,[m[K cv::FONT_HERSHEY_SIMPLEX, 0.5, cv::Scalar(255, 255, 255), 1);
      |                                                                         [01;31m[K^[m[K
[01m[K/home/lattinone/catkin_ws/simple_planner_ws/src/simple_planner/src/main_node.cpp:[m[K In function â€˜[01m[Kint main()[m[Kâ€™:
[01m[K/home/lattinone/catkin_ws/simple_planner_ws/src/simple_planner/src/main_node.cpp:44:72:[m[K [01;31m[Kerror: [m[Kexpected â€˜[01m[K)[m[Kâ€™ before â€˜[01m[K;[m[Kâ€™ token
   44 |     cv::putText[34m[K([m[Kcanvas, "Press 'q' to quit", cv::Point(10, height + 20)[01;31m[K;[m[K, cv::FONT_HERSHEY_SIMPLEX, 0.5, cv::Scalar(255, 255, 255), 1);
      |                [34m[K~[m[K                                                       [01;31m[K^[m[K
      |                                                                        [32m[K)[m[K
[01m[K/home/lattinone/catkin_ws/simple_planner_ws/src/simple_planner/src/main_node.cpp:44:73:[m[K [01;31m[Kerror: [m[Kexpected primary-expression before â€˜[01m[K,[m[Kâ€™ token
   44 |     cv::putText(canvas, "Press 'q' to quit", cv::Point(10, height + 20);[01;31m[K,[m[K cv::FONT_HERSHEY_SIMPLEX, 0.5, cv::Scalar(255, 255, 255), 1);
      |                                                                         [01;31m[K^[m[K
make[2]: *** [CMakeFiles/renderer_node.dir/build.make:63: CMakeFiles/renderer_node.dir/src/main_node.cpp.o] Error 1
make[1]: *** [CMakeFiles/Makefile2:763: CMakeFiles/renderer_node.dir/all] Error 2
make[1]: *** Waiting for unfinished jobs....
make[2]: *** [CMakeFiles/main_node.dir/build.make:63: CMakeFiles/main_node.dir/src/main_node.cpp.o] Error 1
make[1]: *** [CMakeFiles/Makefile2:709: CMakeFiles/main_node.dir/all] Error 2
make[2]: *** [CMakeFiles/planner_node.dir/build.make:63: CMakeFiles/planner_node.dir/src/main_node.cpp.o] Error 1
make[1]: *** [CMakeFiles/Makefile2:169: CMakeFiles/planner_node.dir/all] Error 2
make: *** [Makefile:141: all] Error 2
