[01m[K/home/lattinone/catkin_ws/simple_planner_ws/src/simple_planner/src/main_node.cpp:[m[K In function â€˜[01m[Kint main()[m[Kâ€™:
[01m[K/home/lattinone/catkin_ws/simple_planner_ws/src/simple_planner/src/main_node.cpp:19:46:[m[K [01;31m[Kerror: [m[Kâ€˜[01m[KfinalWidth[m[Kâ€™ was not declared in this scope
   19 |     cv::resize(image, resizedImage, cv::Size([01;31m[KfinalWidth[m[K, finalHeight), 0, 0, cv::INTER_LINEAR);
      |                                              [01;31m[K^~~~~~~~~~[m[K
[01m[K/home/lattinone/catkin_ws/simple_planner_ws/src/simple_planner/src/main_node.cpp:19:58:[m[K [01;31m[Kerror: [m[Kâ€˜[01m[KfinalHeight[m[Kâ€™ was not declared in this scope
   19 |     cv::resize(image, resizedImage, cv::Size(finalWidth, [01;31m[KfinalHeight[m[K), 0, 0, cv::INTER_LINEAR);
      |                                                          [01;31m[K^~~~~~~~~~~[m[K
[01m[K/home/lattinone/catkin_ws/simple_planner_ws/src/simple_planner/src/main_node.cpp:[m[K In function â€˜[01m[Kint main()[m[Kâ€™:
[01m[K/home/lattinone/catkin_ws/simple_planner_ws/src/simple_planner/src/main_node.cpp:19:46:[m[K [01;31m[Kerror: [m[Kâ€˜[01m[KfinalWidth[m[Kâ€™ was not declared in this scope
   19 |     cv::resize(image, resizedImage, cv::Size([01;31m[KfinalWidth[m[K, finalHeight), 0, 0, cv::INTER_LINEAR);
      |                                              [01;31m[K^~~~~~~~~~[m[K
[01m[K/home/lattinone/catkin_ws/simple_planner_ws/src/simple_planner/src/main_node.cpp:[m[K In function â€˜[01m[Kint main()[m[Kâ€™:
[01m[K/home/lattinone/catkin_ws/simple_planner_ws/src/simple_planner/src/main_node.cpp:19:46:[m[K [01;31m[Kerror: [m[Kâ€˜[01m[KfinalWidth[m[Kâ€™ was not declared in this scope
   19 |     cv::resize(image, resizedImage, cv::Size([01;31m[KfinalWidth[m[K, finalHeight), 0, 0, cv::INTER_LINEAR);
      |                                              [01;31m[K^~~~~~~~~~[m[K
[01m[K/home/lattinone/catkin_ws/simple_planner_ws/src/simple_planner/src/main_node.cpp:19:58:[m[K [01;31m[Kerror: [m[Kâ€˜[01m[KfinalHeight[m[Kâ€™ was not declared in this scope
   19 |     cv::resize(image, resizedImage, cv::Size(finalWidth, [01;31m[KfinalHeight[m[K), 0, 0, cv::INTER_LINEAR);
      |                                                          [01;31m[K^~~~~~~~~~~[m[K
[01m[K/home/lattinone/catkin_ws/simple_planner_ws/src/simple_planner/src/main_node.cpp:19:58:[m[K [01;31m[Kerror: [m[Kâ€˜[01m[KfinalHeight[m[Kâ€™ was not declared in this scope
   19 |     cv::resize(image, resizedImage, cv::Size(finalWidth, [01;31m[KfinalHeight[m[K), 0, 0, cv::INTER_LINEAR);
      |                                                          [01;31m[K^~~~~~~~~~~[m[K
make[2]: *** [CMakeFiles/main_node.dir/build.make:63: CMakeFiles/main_node.dir/src/main_node.cpp.o] Error 1
make[1]: *** [CMakeFiles/Makefile2:709: CMakeFiles/main_node.dir/all] Error 2
make[1]: *** Waiting for unfinished jobs....
make[2]: *** [CMakeFiles/planner_node.dir/build.make:63: CMakeFiles/planner_node.dir/src/main_node.cpp.o] Error 1
make[1]: *** [CMakeFiles/Makefile2:169: CMakeFiles/planner_node.dir/all] Error 2
make[2]: *** [CMakeFiles/renderer_node.dir/build.make:63: CMakeFiles/renderer_node.dir/src/main_node.cpp.o] Error 1
make[1]: *** [CMakeFiles/Makefile2:763: CMakeFiles/renderer_node.dir/all] Error 2
make: *** [Makefile:141: all] Error 2
